<?xml version="1.0" encoding="UTF-8"?>
<testsuite name="org.opensextant.geodesy.test.TestGeodetic2DArc" tests="3" skipped="0" failures="0" errors="0" timestamp="2020-11-10T21:54:01" hostname="KENNETH" time="0.002">
  <properties/>
  <testcase name="testCreate" classname="org.opensextant.geodesy.test.TestGeodetic2DArc" time="0.001"/>
  <testcase name="testEquals" classname="org.opensextant.geodesy.test.TestGeodetic2DArc" time="0.001"/>
  <testcase name="testNotEquals" classname="org.opensextant.geodesy.test.TestGeodetic2DArc" time="0.0"/>
  <system-out><![CDATA[]]></system-out>
  <system-err><![CDATA[]]></system-err>
</testsuite>
