<?xml version="1.0" encoding="UTF-8"?>
<testsuite name="org.opensextant.geodesy.test.TestUTM" tests="13" skipped="0" failures="0" errors="0" timestamp="2020-11-10T21:54:12" hostname="KENNETH" time="0.016">
  <properties/>
  <testcase name="testMinNorthing" classname="org.opensextant.geodesy.test.TestUTM" time="0.0"/>
  <testcase name="testProjections" classname="org.opensextant.geodesy.test.TestUTM" time="0.013"/>
  <testcase name="testLatZoneUpperRange" classname="org.opensextant.geodesy.test.TestUTM" time="0.0"/>
  <testcase name="testMaxNorthing" classname="org.opensextant.geodesy.test.TestUTM" time="0.0"/>
  <testcase name="testLonZones" classname="org.opensextant.geodesy.test.TestUTM" time="0.0"/>
  <testcase name="testToString" classname="org.opensextant.geodesy.test.TestUTM" time="0.001"/>
  <testcase name="testLatBands" classname="org.opensextant.geodesy.test.TestUTM" time="0.0"/>
  <testcase name="testLonZone" classname="org.opensextant.geodesy.test.TestUTM" time="0.0"/>
  <testcase name="testInvalidCreation" classname="org.opensextant.geodesy.test.TestUTM" time="0.0"/>
  <testcase name="testValidateLonZoneLowerRange" classname="org.opensextant.geodesy.test.TestUTM" time="0.001"/>
  <testcase name="testLatZoneLowerRange" classname="org.opensextant.geodesy.test.TestUTM" time="0.0"/>
  <testcase name="testEquals" classname="org.opensextant.geodesy.test.TestUTM" time="0.0"/>
  <testcase name="testValidateLonZoneUpperRange" classname="org.opensextant.geodesy.test.TestUTM" time="0.0"/>
  <system-out><![CDATA[]]></system-out>
  <system-err><![CDATA[]]></system-err>
</testsuite>
