<?xml version="1.0" encoding="UTF-8"?>
<testsuite name="org.opensextant.geodesy.test.TestPolarStereographic" tests="2" skipped="0" failures="0" errors="0" timestamp="2020-11-10T21:54:07" hostname="KENNETH" time="0.0">
  <properties/>
  <testcase name="testCreate" classname="org.opensextant.geodesy.test.TestPolarStereographic" time="0.0"/>
  <testcase name="testNullCompare" classname="org.opensextant.geodesy.test.TestPolarStereographic" time="0.0"/>
  <system-out><![CDATA[]]></system-out>
  <system-err><![CDATA[]]></system-err>
</testsuite>
