<?xml version="1.0" encoding="UTF-8"?>
<testsuite name="org.opensextant.geodesy.test.TestTransverseMercator" tests="1" skipped="0" failures="0" errors="0" timestamp="2020-11-10T21:54:12" hostname="KENNETH" time="0.019">
  <properties/>
  <testcase name="testProjections" classname="org.opensextant.geodesy.test.TestTransverseMercator" time="0.019"/>
  <system-out><![CDATA[]]></system-out>
  <system-err><![CDATA[]]></system-err>
</testsuite>
