<?xml version="1.0" encoding="UTF-8"?>
<testsuite name="org.opensextant.geodesy.test.TestTopocentric3DPoint" tests="4" skipped="0" failures="0" errors="0" timestamp="2020-11-10T21:54:12" hostname="KENNETH" time="0.001">
  <properties/>
  <testcase name="testCreate" classname="org.opensextant.geodesy.test.TestTopocentric3DPoint" time="0.0"/>
  <testcase name="testEquals" classname="org.opensextant.geodesy.test.TestTopocentric3DPoint" time="0.0"/>
  <testcase name="testConversion" classname="org.opensextant.geodesy.test.TestTopocentric3DPoint" time="0.0"/>
  <testcase name="testNotEquals" classname="org.opensextant.geodesy.test.TestTopocentric3DPoint" time="0.001"/>
  <system-out><![CDATA[]]></system-out>
  <system-err><![CDATA[]]></system-err>
</testsuite>
