<?xml version="1.0" encoding="UTF-8"?>
<testsuite name="org.opensextant.geodesy.test.TestAngle" tests="5" skipped="0" failures="0" errors="0" timestamp="2020-11-10T21:54:01" hostname="KENNETH" time="0.07">
  <properties/>
  <testcase name="testAngle" classname="org.opensextant.geodesy.test.TestAngle" time="0.067"/>
  <testcase name="testDegreeSymbol" classname="org.opensextant.geodesy.test.TestAngle" time="0.001"/>
  <testcase name="testNullAngleCompare" classname="org.opensextant.geodesy.test.TestAngle" time="0.0"/>
  <testcase name="testCompare" classname="org.opensextant.geodesy.test.TestAngle" time="0.0"/>
  <testcase name="testEquals" classname="org.opensextant.geodesy.test.TestAngle" time="0.001"/>
  <system-out><![CDATA[]]></system-out>
  <system-err><![CDATA[]]></system-err>
</testsuite>
