<?xml version="1.0" encoding="UTF-8"?>
<testsuite name="org.opensextant.geodesy.test.TestLatLonStrings" tests="10" skipped="0" failures="0" errors="0" timestamp="2020-11-10T21:54:01" hostname="KENNETH" time="0.022">
  <properties/>
  <testcase name="testEmptyStringLatitude" classname="org.opensextant.geodesy.test.TestLatLonStrings" time="0.0"/>
  <testcase name="testNullLongitude" classname="org.opensextant.geodesy.test.TestLatLonStrings" time="0.001"/>
  <testcase name="testNullLonCompare" classname="org.opensextant.geodesy.test.TestLatLonStrings" time="0.0"/>
  <testcase name="testNullLatitude" classname="org.opensextant.geodesy.test.TestLatLonStrings" time="0.0"/>
  <testcase name="testLatLonParserEtrex" classname="org.opensextant.geodesy.test.TestLatLonStrings" time="0.004"/>
  <testcase name="testShortLatitude" classname="org.opensextant.geodesy.test.TestLatLonStrings" time="0.0"/>
  <testcase name="testLatLonParser" classname="org.opensextant.geodesy.test.TestLatLonStrings" time="0.007"/>
  <testcase name="testInvalidCreation" classname="org.opensextant.geodesy.test.TestLatLonStrings" time="0.001"/>
  <testcase name="testNullLatCompare" classname="org.opensextant.geodesy.test.TestLatLonStrings" time="0.0"/>
  <testcase name="testLatLonParserGeodetic2DPoint" classname="org.opensextant.geodesy.test.TestLatLonStrings" time="0.009"/>
  <system-out><![CDATA[

 LatLonParser Test (Etrex unique format)

36-22.123,048-05.881 ----> 36 22.123,04 80 5.881
36-22.123N,048-05.881E ----> 36 22.123N,048 05.881E
36-22.123n,048-05.881e ----> 36 22.123N,048 05.881E
36-22.123N,048-05.881W ----> 36 22.123N,048 05.881W
36-22.123n,048-05.881w ----> 36 22.123N,048 05.881W
36-22.123S,048-05.881E ----> 36 22.123S,048 05.881E
36-22.123s,048-05.881e ----> 36 22.123S,048 05.881E
36-22.123S,048-05.881W ----> 36 22.123S,048 05.881W
36-22.123s,048-05.881w ----> 36 22.123S,048 05.881W
36-22.123456s,048-05.8811111111111111111111111111111w ----> 36 22.123456S,048 05.8811111111111111111111111111111W
36-22.1233s,048-05.88166666666666666666666666666666w ----> 36 22.1233S,048 05.88166666666666666666666666666666W


 LatLonParser Test 

S26.25333 E27.92333 ----> 26.25333S,27.92333E
N30 56 12.3 W118 24 12.3 ---->  30 56 12.3N, 118 24 12.3W
77d02m06.00"38dd53m20.76" ---->  77 02 06.00, 38 53 20.76
W77d02m06.00"38d53m20.76" ---->  77 02 06.00W, 38 53 20.76
77d02m06.00"38d53m20.76"N ---->  77 02 06.00, 38 53 20.76N
77d02m06.00"N38d53m20.76" ---->  77 02 06.00, 38 53 20.76N
-314/61239 ----> -314,61 23 9
+38 -77 ----> +38,-77
38+ 77- ----> +38,-77
+38 77- ----> +38,-77
38+ -77 ----> +38,-77
38 77 ----> 38,77
+38 77 ----> +38,77
38 77- ----> 38,-77
38+ 77 ----> +38,77
38 -77 ----> 38,-77
W77d02'06.00"38d53'20.76"N ---->  77 02 06.00W, 38 53 20.76N
-38.889097 77.035000 ----> -38.889097,77.035000
38.889097 -77.035000 ----> 38.889097,-77.035000
-0770206.00+385320.76 ----> -077 02 06.00,+38 53 20.76
385320.76N 0770206.00W ----> 38 53 20.76N,077 02 06.00W
+385320.76 -0770206.00 ----> +38 53 20.76,-077 02 06.00
0770206.00W N385320.76 ----> 077 02 06.00W,38 53 20.76N
N385320.76 W0770206.00 ----> 38 53 20.76N,077 02 06.00W
385320.76N0770206.00W ----> 38 53 20.76N,077 02 06.00W
.76E 0750206004797S ----> .76E,07 50 20.6004797S
1.76E 0750206004797S ----> 1.76E,07 50 20.6004797S
16.76E 0750206004797S ----> 16.76E,07 50 20.6004797S
165.76E 0750206004797S ----> 165.76E,07 50 20.6004797S
1653.76E 0750206004797S ----> 165 3.76E,07 50 20.6004797S
16532.76E 0750206004797S ----> 165 32.76E,07 50 20.6004797S
165320.76E 0750206004797S ----> 165 32 0.76E,07 50 20.6004797S
1653201.76E 0750206004797S ----> 165 32 01.76E,07 50 20.6004797S
385320S 0770206E ----> 38 53 20S,077 02 06E
385320.76N 0770206.00W ----> 38 53 20.76N,077 02 06.00W
385320.76S 0770206.004797E ----> 38 53 20.76S,077 02 06.004797E
3853207623S 0770206004797E ----> 38 53 20.7623S,077 02 06.004797E
38d53m20.76sN 77d2m6.00sW ---->  38 53 20.76N, 77 2 6.00W
38.889097 -77.035000 ----> 38.889097,-77.035000
+38.889097 -77.035000 ----> +38.889097,-77.035000
W77.035000 38.889097N ----> 77.035000W,38.889097N
W77.035000 N38.889097 ----> 77.035000W,38.889097N
77.035000W 38.889097N ----> 77.035000W,38.889097N
77.035000W N38.889097 ----> 77.035000W,38.889097N
N38.889097 77.035000W ----> 38.889097N,77.035000W
N38.889097 W77.035000 ----> 38.889097N,77.035000W
38.889097N 77.035000W ----> 38.889097N,77.035000W
38.889097N W77.035000 ----> 38.889097N,77.035000W
38.889097S 77.035000W ----> 38.889097S,77.035000W
38.889097S 77.035000E ----> 38.889097S,77.035000E
38.889097N77.035000W ----> 38.889097N,77.035000W
38.889097°-77.035000° ----> 38.889097,-77.035000
38.889097,-77.035000 ----> 38.889097,-77.035000
38.889097/-77.035000 ----> 38.889097,-77.035000
38.889097|-77.035000 ----> 38.889097,-77.035000
38.8891023 -77.0350654 ----> 38.8891023,-77.0350654
38.89 -77.0350 ----> 38.89,-77.0350
38 -77 ----> 38,-77
385320.76N 0770206.00W ----> 38 53 20.76N,077 02 06.00W
+385320.76 -0770206.00 ----> +38 53 20.76,-077 02 06.00
0770206.00W N385320.76 ----> 077 02 06.00W,38 53 20.76N
N385320.76 W0770206.00 ----> 38 53 20.76N,077 02 06.00W
385320.76N0770206.00W ----> 38 53 20.76N,077 02 06.00W
W77d02'06.00"38d53'20.76"N ---->  77 02 06.00W, 38 53 20.76N
385320.76 N;0770206.00 W ----> 38 53 20.76N,077 02 06.00W
38d53m20.76sS 77d2m6.00sW ---->  38 53 20.76S, 77 2 6.00W
38d53m20.76sN W77d2m6.00s ---->  38 53 20.76N, 77 2 6.00W
38 53 20.76N 77 2 6.00W ---->  38 53 20.76N, 77 2 6.00W
38:53:20.76N:077:02:06.00W ---->  38 53 20.76N, 077 02 06.00W
38/53/20.76N/77/2/6.00W ---->  38 53 20.76N, 77 2 6.00W
W77,2,6,N38,53,20.76 ---->  77 2 6W, 38 53 20.76N
-0770206.00+385320.76 ----> -077 02 06.00,+38 53 20.76
385320.7623N 0770206W ----> 38 53 20.7623N,077 02 06W
385320.76N 0770206.004797W ----> 38 53 20.76N,077 02 06.004797W
385320N 0770206W ----> 38 53 20N,077 02 06W
3853207623N 0770206004797W ----> 38 53 20.7623N,077 02 06.004797W
38532076N077020600W ----> 38 53 20.76N,077 02 06.00W


 LatLonParserGeodetic2DPoint Test 

S26.25333 E27.92333 ----> 26.25333S,27.92333E ----> (27° 55' 24" E, 26° 15' 12" S)
N30 56 12.3 W118 24 12.3 ---->  30 56 12.3N, 118 24 12.3W ----> (118° 24' 12" W, 30° 56' 12" N)
77d02m06.00"38dd53m20.76" ---->  77 02 06.00, 38 53 20.76 ----> (77° 2' 6" E, 38° 53' 21" N)
W77d02m06.00"38d53m20.76" ---->  77 02 06.00W, 38 53 20.76 ----> (77° 2' 6" W, 38° 53' 21" N)
77d02m06.00"38d53m20.76"N ---->  77 02 06.00, 38 53 20.76N ----> (77° 2' 6" E, 38° 53' 21" N)
77d02m06.00"N38d53m20.76" ---->  77 02 06.00, 38 53 20.76N ----> (77° 2' 6" E, 38° 53' 21" N)
-314/61239 ----> -314,61 23 9 ----> (46° 0' 0" E, 61° 23' 9" N)
+38 -77 ----> +38,-77 ----> (38° 0' 0" E, 77° 0' 0" S)
38+ 77- ----> +38,-77 ----> (38° 0' 0" E, 77° 0' 0" S)
+38 77- ----> +38,-77 ----> (38° 0' 0" E, 77° 0' 0" S)
38+ -77 ----> +38,-77 ----> (38° 0' 0" E, 77° 0' 0" S)
38 77 ----> 38,77 ----> (38° 0' 0" E, 77° 0' 0" N)
+38 77 ----> +38,77 ----> (38° 0' 0" E, 77° 0' 0" N)
38 77- ----> 38,-77 ----> (38° 0' 0" E, 77° 0' 0" S)
38+ 77 ----> +38,77 ----> (38° 0' 0" E, 77° 0' 0" N)
38 -77 ----> 38,-77 ----> (38° 0' 0" E, 77° 0' 0" S)
W77d02'06.00"38d53'20.76"N ---->  77 02 06.00W, 38 53 20.76N ----> (77° 2' 6" W, 38° 53' 21" N)
-38.889097 77.035000 ----> -38.889097,77.035000 ----> (38° 53' 21" W, 77° 2' 6" N)
38.889097 -77.035000 ----> 38.889097,-77.035000 ----> (38° 53' 21" E, 77° 2' 6" S)
-0770206.00+385320.76 ----> -077 02 06.00,+38 53 20.76 ----> (77° 2' 6" W, 38° 53' 21" N)
385320.76N 0770206.00W ----> 38 53 20.76N,077 02 06.00W ----> (77° 2' 6" W, 38° 53' 21" N)
+385320.76 -0770206.00 ----> +38 53 20.76,-077 02 06.00 ----> (38° 53' 21" E, 77° 2' 6" S)
0770206.00W N385320.76 ----> 077 02 06.00W,38 53 20.76N ----> (77° 2' 6" W, 38° 53' 21" N)
N385320.76 W0770206.00 ----> 38 53 20.76N,077 02 06.00W ----> (77° 2' 6" W, 38° 53' 21" N)
385320.76N0770206.00W ----> 38 53 20.76N,077 02 06.00W ----> (77° 2' 6" W, 38° 53' 21" N)
.76E 0750206004797S ----> .76E,07 50 20.6004797S ----> (0° 45' 36" E, 7° 50' 21" S)
1.76E 0750206004797S ----> 1.76E,07 50 20.6004797S ----> (1° 45' 36" E, 7° 50' 21" S)
16.76E 0750206004797S ----> 16.76E,07 50 20.6004797S ----> (16° 45' 36" E, 7° 50' 21" S)
165.76E 0750206004797S ----> 165.76E,07 50 20.6004797S ----> (165° 45' 36" E, 7° 50' 21" S)
1653.76E 0750206004797S ----> 165 3.76E,07 50 20.6004797S ----> (165° 3' 46" E, 7° 50' 21" S)
16532.76E 0750206004797S ----> 165 32.76E,07 50 20.6004797S ----> (165° 32' 46" E, 7° 50' 21" S)
165320.76E 0750206004797S ----> 165 32 0.76E,07 50 20.6004797S ----> (165° 32' 1" E, 7° 50' 21" S)
1653201.76E 0750206004797S ----> 165 32 01.76E,07 50 20.6004797S ----> (165° 32' 2" E, 7° 50' 21" S)
385320S 0770206E ----> 38 53 20S,077 02 06E ----> (77° 2' 6" E, 38° 53' 20" S)
385320.76N 0770206.00W ----> 38 53 20.76N,077 02 06.00W ----> (77° 2' 6" W, 38° 53' 21" N)
385320.76S 0770206.004797E ----> 38 53 20.76S,077 02 06.004797E ----> (77° 2' 6" E, 38° 53' 21" S)
3853207623S 0770206004797E ----> 38 53 20.7623S,077 02 06.004797E ----> (77° 2' 6" E, 38° 53' 21" S)
38d53m20.76sN 77d2m6.00sW ---->  38 53 20.76N, 77 2 6.00W ----> (77° 2' 6" W, 38° 53' 21" N)
38.889097 -77.035000 ----> 38.889097,-77.035000 ----> (38° 53' 21" E, 77° 2' 6" S)
+38.889097 -77.035000 ----> +38.889097,-77.035000 ----> (38° 53' 21" E, 77° 2' 6" S)
W77.035000 38.889097N ----> 77.035000W,38.889097N ----> (77° 2' 6" W, 38° 53' 21" N)
W77.035000 N38.889097 ----> 77.035000W,38.889097N ----> (77° 2' 6" W, 38° 53' 21" N)
77.035000W 38.889097N ----> 77.035000W,38.889097N ----> (77° 2' 6" W, 38° 53' 21" N)
77.035000W N38.889097 ----> 77.035000W,38.889097N ----> (77° 2' 6" W, 38° 53' 21" N)
N38.889097 77.035000W ----> 38.889097N,77.035000W ----> (77° 2' 6" W, 38° 53' 21" N)
N38.889097 W77.035000 ----> 38.889097N,77.035000W ----> (77° 2' 6" W, 38° 53' 21" N)
38.889097N 77.035000W ----> 38.889097N,77.035000W ----> (77° 2' 6" W, 38° 53' 21" N)
38.889097N W77.035000 ----> 38.889097N,77.035000W ----> (77° 2' 6" W, 38° 53' 21" N)
38.889097S 77.035000W ----> 38.889097S,77.035000W ----> (77° 2' 6" W, 38° 53' 21" S)
38.889097S 77.035000E ----> 38.889097S,77.035000E ----> (77° 2' 6" E, 38° 53' 21" S)
38.889097N77.035000W ----> 38.889097N,77.035000W ----> (77° 2' 6" W, 38° 53' 21" N)
38.889097°-77.035000° ----> 38.889097,-77.035000 ----> (38° 53' 21" E, 77° 2' 6" S)
38.889097,-77.035000 ----> 38.889097,-77.035000 ----> (38° 53' 21" E, 77° 2' 6" S)
38.889097/-77.035000 ----> 38.889097,-77.035000 ----> (38° 53' 21" E, 77° 2' 6" S)
38.889097|-77.035000 ----> 38.889097,-77.035000 ----> (38° 53' 21" E, 77° 2' 6" S)
38.8891023 -77.0350654 ----> 38.8891023,-77.0350654 ----> (38° 53' 21" E, 77° 2' 6" S)
38.89 -77.0350 ----> 38.89,-77.0350 ----> (38° 53' 24" E, 77° 2' 6" S)
38 -77 ----> 38,-77 ----> (38° 0' 0" E, 77° 0' 0" S)
385320.76N 0770206.00W ----> 38 53 20.76N,077 02 06.00W ----> (77° 2' 6" W, 38° 53' 21" N)
+385320.76 -0770206.00 ----> +38 53 20.76,-077 02 06.00 ----> (38° 53' 21" E, 77° 2' 6" S)
0770206.00W N385320.76 ----> 077 02 06.00W,38 53 20.76N ----> (77° 2' 6" W, 38° 53' 21" N)
N385320.76 W0770206.00 ----> 38 53 20.76N,077 02 06.00W ----> (77° 2' 6" W, 38° 53' 21" N)
385320.76N0770206.00W ----> 38 53 20.76N,077 02 06.00W ----> (77° 2' 6" W, 38° 53' 21" N)
W77d02'06.00"38d53'20.76"N ---->  77 02 06.00W, 38 53 20.76N ----> (77° 2' 6" W, 38° 53' 21" N)
385320.76 N;0770206.00 W ----> 38 53 20.76N,077 02 06.00W ----> (77° 2' 6" W, 38° 53' 21" N)
38d53m20.76sS 77d2m6.00sW ---->  38 53 20.76S, 77 2 6.00W ----> (77° 2' 6" W, 38° 53' 21" S)
38d53m20.76sN W77d2m6.00s ---->  38 53 20.76N, 77 2 6.00W ----> (77° 2' 6" W, 38° 53' 21" N)
38 53 20.76N 77 2 6.00W ---->  38 53 20.76N, 77 2 6.00W ----> (77° 2' 6" W, 38° 53' 21" N)
38:53:20.76N:077:02:06.00W ---->  38 53 20.76N, 077 02 06.00W ----> (77° 2' 6" W, 38° 53' 21" N)
38/53/20.76N/77/2/6.00W ---->  38 53 20.76N, 77 2 6.00W ----> (77° 2' 6" W, 38° 53' 21" N)
W77,2,6,N38,53,20.76 ---->  77 2 6W, 38 53 20.76N ----> (77° 2' 6" W, 38° 53' 21" N)
-0770206.00+385320.76 ----> -077 02 06.00,+38 53 20.76 ----> (77° 2' 6" W, 38° 53' 21" N)
385320.7623N 0770206W ----> 38 53 20.7623N,077 02 06W ----> (77° 2' 6" W, 38° 53' 21" N)
385320.76N 0770206.004797W ----> 38 53 20.76N,077 02 06.004797W ----> (77° 2' 6" W, 38° 53' 21" N)
385320N 0770206W ----> 38 53 20N,077 02 06W ----> (77° 2' 6" W, 38° 53' 20" N)
3853207623N 0770206004797W ----> 38 53 20.7623N,077 02 06.004797W ----> (77° 2' 6" W, 38° 53' 21" N)
38532076N077020600W ----> 38 53 20.76N,077 02 06.00W ----> (77° 2' 6" W, 38° 53' 21" N)
]]></system-out>
  <system-err><![CDATA[]]></system-err>
</testsuite>
